<?xml version="1.0" encoding="UTF-8"?>
<robot generator="Robot 5.0 (Python 3.10.2 on win32)" generated="20220510 10:24:24.233" rpa="false" schemaversion="3">
<suite id="s1" name="Verify Valid Credential Suite" source="D:\Mine\Company\LT6\OrangeHRMAutomation\LoginSuite\verify_valid_credential_suite.robot">
<kw name="Launch Browser" library="CommonFunctionality" type="SETUP">
<kw name="Append To Environment Variable" library="OperatingSystem">
<arg>Path</arg>
<arg>${EXECDIR}${/}driver</arg>
<doc>Appends given ``values`` to environment variable ``name``.</doc>
<msg timestamp="20220510 10:24:24.530" level="INFO">Environment variable 'Path' set to value 'C:\Program Files (x86)\Common Files\Oracle\Java\javapath;C:\WINDOWS\system32;C:\WINDOWS;C:\WINDOWS\System32\Wbem;C:\WINDOWS\System32\WindowsPowerShell\v1.0\;C:\WINDOWS\System32\OpenSSH\;C:\Users\Balaji\AppData\Local\Android\Sdk\platform-tools;C:\Users\Balaji\AppData\Local\Android\Sdk\emulator;C:\Program Files\dotnet\;C:\Program Files\nodejs\;C:\Program Files\Git\cmd;D:\Software\apache-maven-3.8.5-bin\apache-maven-3.8.5\bin;C:\Program Files\Java\jdk1.8.0_202\bin;C:\Program Files\Python310;C:\Program Files\Python310\Scripts;C:\Users\Balaji\AppData\Local\Microsoft\WindowsApps1;C:\Users\Balaji\.dotnet\tools;C:\Users\Balaji\AppData\Roaming\npm;;D:\Mine\Company\LT6\OrangeHRMAutomation\driver'.</msg>
<status status="PASS" starttime="20220510 10:24:24.530" endtime="20220510 10:24:24.530"/>
</kw>
<kw name="Open Browser" library="SeleniumLibrary">
<arg>browser=${BROWSER}</arg>
<doc>Opens a new browser instance to the optional ``url``.</doc>
<msg timestamp="20220510 10:24:24.530" level="INFO">Opening browser 'chrome' to base url 'None'.</msg>
<status status="PASS" starttime="20220510 10:24:24.530" endtime="20220510 10:24:26.029"/>
</kw>
<kw name="Maximize Browser Window" library="SeleniumLibrary">
<doc>Maximizes current browser window.</doc>
<status status="PASS" starttime="20220510 10:24:26.029" endtime="20220510 10:24:26.147"/>
</kw>
<kw name="Set Selenium Implicit Wait" library="SeleniumLibrary">
<arg>30s</arg>
<doc>Sets the implicit wait value used by Selenium.</doc>
<status status="PASS" starttime="20220510 10:24:26.148" endtime="20220510 10:24:26.151"/>
</kw>
<kw name="Set Screenshot Directory" library="SeleniumLibrary">
<arg>${EXECDIR}${/}screenshot</arg>
<doc>Sets the directory for captured screenshots.</doc>
<status status="PASS" starttime="20220510 10:24:26.151" endtime="20220510 10:24:26.152"/>
</kw>
<kw name="Go To" library="SeleniumLibrary">
<arg>url=${URL}</arg>
<doc>Navigates the current browser window to the provided ``url``.</doc>
<msg timestamp="20220510 10:24:26.153" level="INFO">Opening url 'https://opensource-demo.orangehrmlive.com/'</msg>
<status status="PASS" starttime="20220510 10:24:26.152" endtime="20220510 10:24:31.545"/>
</kw>
<status status="PASS" starttime="20220510 10:24:24.530" endtime="20220510 10:24:31.545"/>
</kw>
<test id="s1-t1" name="TC1" line="12">
<kw name="Valid Credential Template">
<arg>Admin</arg>
<arg>admin123</arg>
<arg>My Info</arg>
<kw name="Input Text" library="SeleniumLibrary">
<arg>id=txtUsername</arg>
<arg>${username}</arg>
<doc>Types the given ``text`` into the text field identified by ``locator``.</doc>
<msg timestamp="20220510 10:24:31.549" level="INFO">Typing text 'Admin' into text field 'id=txtUsername'.</msg>
<status status="PASS" starttime="20220510 10:24:31.548" endtime="20220510 10:24:31.673"/>
</kw>
<kw name="Input Password" library="SeleniumLibrary">
<arg>id=txtPassword</arg>
<arg>${password}</arg>
<doc>Types the given password into the text field identified by ``locator``.</doc>
<msg timestamp="20220510 10:24:31.673" level="INFO">Typing password into text field 'id=txtPassword'.</msg>
<msg timestamp="20220510 10:24:31.736" level="INFO">Temporally setting log level to: NONE</msg>
<msg timestamp="20220510 10:24:31.798" level="INFO">Log level changed from NONE to INFO.</msg>
<status status="PASS" starttime="20220510 10:24:31.673" endtime="20220510 10:24:31.798"/>
</kw>
<kw name="Click Element" library="SeleniumLibrary">
<arg>id=btnLogin</arg>
<doc>Click the element identified by ``locator``.</doc>
<msg timestamp="20220510 10:24:31.798" level="INFO">Clicking element 'id=btnLogin'.</msg>
<status status="PASS" starttime="20220510 10:24:31.798" endtime="20220510 10:24:37.873"/>
</kw>
<kw name="Page Should Contain" library="SeleniumLibrary">
<arg>${expected_value}</arg>
<doc>Verifies that current page contains ``text``.</doc>
<msg timestamp="20220510 10:24:37.886" level="INFO">Current page contains text 'My Info'.</msg>
<status status="PASS" starttime="20220510 10:24:37.873" endtime="20220510 10:24:37.886"/>
</kw>
<status status="PASS" starttime="20220510 10:24:31.547" endtime="20220510 10:24:37.886"/>
</kw>
<status status="PASS" starttime="20220510 10:24:31.546" endtime="20220510 10:24:37.886"/>
</test>
<test id="s1-t2" name="TC2" line="13">
<kw name="Valid Credential Template">
<arg>Admin</arg>
<arg>admin123</arg>
<arg>Welcome</arg>
<kw name="Input Text" library="SeleniumLibrary">
<arg>id=txtUsername</arg>
<arg>${username}</arg>
<doc>Types the given ``text`` into the text field identified by ``locator``.</doc>
<msg timestamp="20220510 10:24:37.886" level="INFO">Typing text 'Admin' into text field 'id=txtUsername'.</msg>
<msg timestamp="20220510 10:25:08.066" level="INFO" html="true">&lt;/td&gt;&lt;/tr&gt;&lt;tr&gt;&lt;td colspan="3"&gt;&lt;a href="screenshot/selenium-screenshot-1.png"&gt;&lt;img src="screenshot/selenium-screenshot-1.png" width="800px"&gt;&lt;/a&gt;</msg>
<msg timestamp="20220510 10:25:08.067" level="FAIL">Element with locator 'id=txtUsername' not found.</msg>
<status status="FAIL" starttime="20220510 10:24:37.886" endtime="20220510 10:25:08.200"/>
</kw>
<kw name="Input Password" library="SeleniumLibrary">
<arg>id=txtPassword</arg>
<arg>${password}</arg>
<doc>Types the given password into the text field identified by ``locator``.</doc>
<status status="NOT RUN" starttime="20220510 10:25:08.200" endtime="20220510 10:25:08.200"/>
</kw>
<kw name="Click Element" library="SeleniumLibrary">
<arg>id=btnLogin</arg>
<doc>Click the element identified by ``locator``.</doc>
<status status="NOT RUN" starttime="20220510 10:25:08.200" endtime="20220510 10:25:08.200"/>
</kw>
<kw name="Page Should Contain" library="SeleniumLibrary">
<arg>${expected_value}</arg>
<doc>Verifies that current page contains ``text``.</doc>
<status status="NOT RUN" starttime="20220510 10:25:08.201" endtime="20220510 10:25:08.201"/>
</kw>
<status status="FAIL" starttime="20220510 10:24:37.886" endtime="20220510 10:25:08.201"/>
</kw>
<status status="FAIL" starttime="20220510 10:24:37.886" endtime="20220510 10:25:08.202">Element with locator 'id=txtUsername' not found.</status>
</test>
<test id="s1-t3" name="TC3" line="14">
<kw name="Valid Credential Template">
<arg>Admin</arg>
<arg>admin123</arg>
<arg>Admin</arg>
<kw name="Input Text" library="SeleniumLibrary">
<arg>id=txtUsername</arg>
<arg>${username}</arg>
<doc>Types the given ``text`` into the text field identified by ``locator``.</doc>
<msg timestamp="20220510 10:25:08.205" level="INFO">Typing text 'Admin' into text field 'id=txtUsername'.</msg>
<msg timestamp="20220510 10:25:38.389" level="INFO" html="true">&lt;/td&gt;&lt;/tr&gt;&lt;tr&gt;&lt;td colspan="3"&gt;&lt;a href="screenshot/selenium-screenshot-2.png"&gt;&lt;img src="screenshot/selenium-screenshot-2.png" width="800px"&gt;&lt;/a&gt;</msg>
<msg timestamp="20220510 10:25:38.389" level="FAIL">Element with locator 'id=txtUsername' not found.</msg>
<status status="FAIL" starttime="20220510 10:25:08.204" endtime="20220510 10:25:38.390"/>
</kw>
<kw name="Input Password" library="SeleniumLibrary">
<arg>id=txtPassword</arg>
<arg>${password}</arg>
<doc>Types the given password into the text field identified by ``locator``.</doc>
<status status="NOT RUN" starttime="20220510 10:25:38.390" endtime="20220510 10:25:38.390"/>
</kw>
<kw name="Click Element" library="SeleniumLibrary">
<arg>id=btnLogin</arg>
<doc>Click the element identified by ``locator``.</doc>
<status status="NOT RUN" starttime="20220510 10:25:38.390" endtime="20220510 10:25:38.390"/>
</kw>
<kw name="Page Should Contain" library="SeleniumLibrary">
<arg>${expected_value}</arg>
<doc>Verifies that current page contains ``text``.</doc>
<status status="NOT RUN" starttime="20220510 10:25:38.390" endtime="20220510 10:25:38.390"/>
</kw>
<status status="FAIL" starttime="20220510 10:25:08.204" endtime="20220510 10:25:38.391"/>
</kw>
<status status="FAIL" starttime="20220510 10:25:08.203" endtime="20220510 10:25:38.392">Element with locator 'id=txtUsername' not found.</status>
</test>
<kw name="Close Browser" library="SeleniumLibrary" type="TEARDOWN">
<doc>Closes the current browser.</doc>
<status status="PASS" starttime="20220510 10:25:38.393" endtime="20220510 10:25:40.564"/>
</kw>
<doc>This suite will handle valid credential
test - TC_OH_2</doc>
<status status="FAIL" starttime="20220510 10:24:24.233" endtime="20220510 10:25:40.564"/>
</suite>
<statistics>
<total>
<stat pass="1" fail="2" skip="0">All Tests</stat>
</total>
<tag>
</tag>
<suite>
<stat pass="1" fail="2" skip="0" id="s1" name="Verify Valid Credential Suite">Verify Valid Credential Suite</stat>
</suite>
</statistics>
<errors>
</errors>
</robot>
